# JRE version: Java(TM) SE Runtime Environment (17.0.3.1+2) (build 17.0.3.1+2-LTS-6)
# Java VM: Java HotSpot(TM) 64-Bit Server VM (17.0.3.1+2-LTS-6, mixed mode, sharing, tiered, compressed oops, compressed class ptrs, parallel gc, windows-amd64)
GC Precious Log:
 CPUs: 8 total, 8 available
 Memory: 32647M
 Large Page Support: Disabled
 NUMA Support: Disabled
 Compressed Oops: Enabled (32-bit)
 Alignments: Space 512K, Generation 512K, Heap 2M
 Heap Min Capacity: 100M
 Heap Initial Capacity: 100M
 Heap Max Capacity: 1G
 Pre-touch: Disabled
 Parallel Workers: 8
Heap:
 PSYoungGen      total 27648K, used 774K [0x00000000eab00000, 0x00000000ed000000, 0x0000000100000000)
  eden space 17920K, 4% used [0x00000000eab00000,0x00000000eabc1b28,0x00000000ebc80000)
  from space 9728K, 0% used [0x00000000ec600000,0x00000000ec600000,0x00000000ecf80000)
  to   space 9728K, 0% used [0x00000000ebc80000,0x00000000ebc80000,0x00000000ec600000)
 ParOldGen       total 68608K, used 64482K [0x00000000c0000000, 0x00000000c4300000, 0x00000000eab00000)
  object space 68608K, 93% used [0x00000000c0000000,0x00000000c3ef88d8,0x00000000c4300000)
 Metaspace       used 63859K, committed 65088K, reserved 1114112K
  class space    used 6745K, committed 7296K, reserved 1048576K
GC Heap History (20 events):
Event: 71.580 GC heap before
{Heap before GC invocations=44 (full 3):
 PSYoungGen      total 20992K, used 20534K [0x00000000eab00000, 0x00000000ec280000, 0x0000000100000000)
  eden space 18432K, 99% used [0x00000000eab00000,0x00000000ebcff4e8,0x00000000ebd00000)
  from space 2560K, 82% used [0x00000000ec000000,0x00000000ec20e4b0,0x00000000ec280000)
  to   space 2560K, 0% used [0x00000000ebd80000,0x00000000ebd80000,0x00000000ec000000)
 ParOldGen       total 68608K, used 52737K [0x00000000c0000000, 0x00000000c4300000, 0x00000000eab00000)
  object space 68608K, 76% used [0x00000000c0000000,0x00000000c3380748,0x00000000c4300000)
 Metaspace       used 61376K, committed 62528K, reserved 1105920K
  class space    used 6514K, committed 7040K, reserved 1048576K
}
Event: 71.582 GC heap after
{Heap after GC invocations=44 (full 3):
 PSYoungGen      total 19456K, used 832K [0x00000000eab00000, 0x00000000ec080000, 0x0000000100000000)
  eden space 18432K, 0% used [0x00000000eab00000,0x00000000eab00000,0x00000000ebd00000)
  from space 1024K, 81% used [0x00000000ebd80000,0x00000000ebe50000,0x00000000ebe80000)
  to   space 1536K, 0% used [0x00000000ebf00000,0x00000000ebf00000,0x00000000ec080000)
 ParOldGen       total 68608K, used 54667K [0x00000000c0000000, 0x00000000c4300000, 0x00000000eab00000)
  object space 68608K, 79% used [0x00000000c0000000,0x00000000c3562ea0,0x00000000c4300000)
 Metaspace       used 61376K, committed 62528K, reserved 1105920K
  class space    used 6514K, committed 7040K, reserved 1048576K
}
Event: 71.980 GC heap before
{Heap before GC invocations=45 (full 3):
 PSYoungGen      total 19456K, used 19264K [0x00000000eab00000, 0x00000000ec080000, 0x0000000100000000)
  eden space 18432K, 100% used [0x00000000eab00000,0x00000000ebd00000,0x00000000ebd00000)
  from space 1024K, 81% used [0x00000000ebd80000,0x00000000ebe50000,0x00000000ebe80000)
  to   space 1536K, 0% used [0x00000000ebf00000,0x00000000ebf00000,0x00000000ec080000)
 ParOldGen       total 68608K, used 54667K [0x00000000c0000000, 0x00000000c4300000, 0x00000000eab00000)
  object space 68608K, 79% used [0x00000000c0000000,0x00000000c3562ea0,0x00000000c4300000)
 Metaspace       used 62522K, committed 63808K, reserved 1105920K
  class space    used 6639K, committed 7232K, reserved 1048576K
}
Event: 71.983 GC heap after
{Heap after GC invocations=45 (full 3):
 PSYoungGen      total 18944K, used 1528K [0x00000000eab00000, 0x00000000ec300000, 0x0000000100000000)
  eden space 17408K, 0% used [0x00000000eab00000,0x00000000eab00000,0x00000000ebc00000)
  from space 1536K, 99% used [0x00000000ebf00000,0x00000000ec07e138,0x00000000ec080000)
  to   space 3072K, 0% used [0x00000000ebc00000,0x00000000ebc00000,0x00000000ebf00000)
 ParOldGen       total 68608K, used 55440K [0x00000000c0000000, 0x00000000c4300000, 0x00000000eab00000)
  object space 68608K, 80% used [0x00000000c0000000,0x00000000c3624360,0x00000000c4300000)
 Metaspace       used 62522K, committed 63808K, reserved 1105920K
  class space    used 6639K, committed 7232K, reserved 1048576K
}
Event: 72.080 GC heap before
{Heap before GC invocations=46 (full 3):
 PSYoungGen      total 18944K, used 18936K [0x00000000eab00000, 0x00000000ec300000, 0x0000000100000000)
  eden space 17408K, 100% used [0x00000000eab00000,0x00000000ebc00000,0x00000000ebc00000)
  from space 1536K, 99% used [0x00000000ebf00000,0x00000000ec07e138,0x00000000ec080000)
  to   space 3072K, 0% used [0x00000000ebc00000,0x00000000ebc00000,0x00000000ebf00000)
 ParOldGen       total 68608K, used 55440K [0x00000000c0000000, 0x00000000c4300000, 0x00000000eab00000)
  object space 68608K, 80% used [0x00000000c0000000,0x00000000c3624360,0x00000000c4300000)
 Metaspace       used 62707K, committed 63936K, reserved 1105920K
  class space    used 6653K, committed 7232K, reserved 1048576K
}
Event: 72.082 GC heap after
{Heap after GC invocations=46 (full 3):
 PSYoungGen      total 18432K, used 672K [0x00000000eab00000, 0x00000000ebf80000, 0x0000000100000000)
  eden space 17408K, 0% used [0x00000000eab00000,0x00000000eab00000,0x00000000ebc00000)
  from space 1024K, 65% used [0x00000000ebc00000,0x00000000ebca8000,0x00000000ebd00000)
  to   space 1536K, 0% used [0x00000000ebe00000,0x00000000ebe00000,0x00000000ebf80000)
 ParOldGen       total 68608K, used 56779K [0x00000000c0000000, 0x00000000c4300000, 0x00000000eab00000)
  object space 68608K, 82% used [0x00000000c0000000,0x00000000c3772ca0,0x00000000c4300000)
 Metaspace       used 62707K, committed 63936K, reserved 1105920K
  class space    used 6653K, committed 7232K, reserved 1048576K
}
Event: 72.263 GC heap before
{Heap before GC invocations=47 (full 3):
 PSYoungGen      total 18432K, used 18080K [0x00000000eab00000, 0x00000000ebf80000, 0x0000000100000000)
  eden space 17408K, 100% used [0x00000000eab00000,0x00000000ebc00000,0x00000000ebc00000)
  from space 1024K, 65% used [0x00000000ebc00000,0x00000000ebca8000,0x00000000ebd00000)
  to   space 1536K, 0% used [0x00000000ebe00000,0x00000000ebe00000,0x00000000ebf80000)
 ParOldGen       total 68608K, used 56779K [0x00000000c0000000, 0x00000000c4300000, 0x00000000eab00000)
  object space 68608K, 82% used [0x00000000c0000000,0x00000000c3772ca0,0x00000000c4300000)
 Metaspace       used 63252K, committed 64576K, reserved 1114112K
  class space    used 6698K, committed 7296K, reserved 1048576K
}
Event: 72.265 GC heap after
{Heap after GC invocations=47 (full 3):
 PSYoungGen      total 18944K, used 1337K [0x00000000eab00000, 0x00000000ebf80000, 0x0000000100000000)
  eden space 17408K, 0% used [0x00000000eab00000,0x00000000eab00000,0x00000000ebc00000)
  from space 1536K, 87% used [0x00000000ebe00000,0x00000000ebf4e770,0x00000000ebf80000)
  to   space 1536K, 0% used [0x00000000ebc80000,0x00000000ebc80000,0x00000000ebe00000)
 ParOldGen       total 68608K, used 57368K [0x00000000c0000000, 0x00000000c4300000, 0x00000000eab00000)
  object space 68608K, 83% used [0x00000000c0000000,0x00000000c3806318,0x00000000c4300000)
 Metaspace       used 63252K, committed 64576K, reserved 1114112K
  class space    used 6698K, committed 7296K, reserved 1048576K
}
Event: 72.346 GC heap before
{Heap before GC invocations=48 (full 3):
 PSYoungGen      total 18944K, used 18745K [0x00000000eab00000, 0x00000000ebf80000, 0x0000000100000000)
  eden space 17408K, 100% used [0x00000000eab00000,0x00000000ebc00000,0x00000000ebc00000)
  from space 1536K, 87% used [0x00000000ebe00000,0x00000000ebf4e770,0x00000000ebf80000)
  to   space 1536K, 0% used [0x00000000ebc80000,0x00000000ebc80000,0x00000000ebe00000)
 ParOldGen       total 68608K, used 57368K [0x00000000c0000000, 0x00000000c4300000, 0x00000000eab00000)
  object space 68608K, 83% used [0x00000000c0000000,0x00000000c3806318,0x00000000c4300000)
 Metaspace       used 63362K, committed 64640K, reserved 1114112K
  class space    used 6704K, committed 7296K, reserved 1048576K
}
Event: 72.349 GC heap after
{Heap after GC invocations=48 (full 3):
 PSYoungGen      total 18944K, used 1536K [0x00000000eab00000, 0x00000000ec400000, 0x0000000100000000)
  eden space 17408K, 0% used [0x00000000eab00000,0x00000000eab00000,0x00000000ebc00000)
  from space 1536K, 100% used [0x00000000ebc80000,0x00000000ebe00000,0x00000000ebe00000)
  to   space 4096K, 0% used [0x00000000ec000000,0x00000000ec000000,0x00000000ec400000)
 ParOldGen       total 68608K, used 59420K [0x00000000c0000000, 0x00000000c4300000, 0x00000000eab00000)
  object space 68608K, 86% used [0x00000000c0000000,0x00000000c3a07328,0x00000000c4300000)
 Metaspace       used 63362K, committed 64640K, reserved 1114112K
  class space    used 6704K, committed 7296K, reserved 1048576K
}
Event: 72.990 GC heap before
{Heap before GC invocations=49 (full 3):
 PSYoungGen      total 18944K, used 18885K [0x00000000eab00000, 0x00000000ec400000, 0x0000000100000000)
  eden space 17408K, 99% used [0x00000000eab00000,0x00000000ebbf1540,0x00000000ebc00000)
  from space 1536K, 100% used [0x00000000ebc80000,0x00000000ebe00000,0x00000000ebe00000)
  to   space 4096K, 0% used [0x00000000ec000000,0x00000000ec000000,0x00000000ec400000)
 ParOldGen       total 68608K, used 59420K [0x00000000c0000000, 0x00000000c4300000, 0x00000000eab00000)
  object space 68608K, 86% used [0x00000000c0000000,0x00000000c3a07328,0x00000000c4300000)
 Metaspace       used 63675K, committed 64896K, reserved 1114112K
  class space    used 6730K, committed 7296K, reserved 1048576K
}
Event: 72.993 GC heap after
{Heap after GC invocations=49 (full 3):
 PSYoungGen      total 19968K, used 2249K [0x00000000eab00000, 0x00000000ec280000, 0x0000000100000000)
  eden space 17408K, 0% used [0x00000000eab00000,0x00000000eab00000,0x00000000ebc00000)
  from space 2560K, 87% used [0x00000000ec000000,0x00000000ec232650,0x00000000ec280000)
  to   space 3072K, 0% used [0x00000000ebc80000,0x00000000ebc80000,0x00000000ebf80000)
 ParOldGen       total 68608K, used 60900K [0x00000000c0000000, 0x00000000c4300000, 0x00000000eab00000)
  object space 68608K, 88% used [0x00000000c0000000,0x00000000c3b793a0,0x00000000c4300000)
 Metaspace       used 63675K, committed 64896K, reserved 1114112K
  class space    used 6730K, committed 7296K, reserved 1048576K
}
Event: 74.047 GC heap before
{Heap before GC invocations=50 (full 3):
 PSYoungGen      total 19968K, used 19657K [0x00000000eab00000, 0x00000000ec280000, 0x0000000100000000)
  eden space 17408K, 100% used [0x00000000eab00000,0x00000000ebc00000,0x00000000ebc00000)
  from space 2560K, 87% used [0x00000000ec000000,0x00000000ec232650,0x00000000ec280000)
  to   space 3072K, 0% used [0x00000000ebc80000,0x00000000ebc80000,0x00000000ebf80000)
 ParOldGen       total 68608K, used 60900K [0x00000000c0000000, 0x00000000c4300000, 0x00000000eab00000)
  object space 68608K, 88% used [0x00000000c0000000,0x00000000c3b793a0,0x00000000c4300000)
 Metaspace       used 63828K, committed 65088K, reserved 1114112K
  class space    used 6742K, committed 7296K, reserved 1048576K
}
Event: 74.050 GC heap after
{Heap after GC invocations=50 (full 3):
 PSYoungGen      total 20480K, used 3046K [0x00000000eab00000, 0x00000000ec280000, 0x0000000100000000)
  eden space 17408K, 0% used [0x00000000eab00000,0x00000000eab00000,0x00000000ebc00000)
  from space 3072K, 99% used [0x00000000ebc80000,0x00000000ebf79bb8,0x00000000ebf80000)
  to   space 2560K, 0% used [0x00000000ec000000,0x00000000ec000000,0x00000000ec280000)
 ParOldGen       total 68608K, used 66200K [0x00000000c0000000, 0x00000000c4300000, 0x00000000eab00000)
  object space 68608K, 96% used [0x00000000c0000000,0x00000000c40a62b0,0x00000000c4300000)
 Metaspace       used 63828K, committed 65088K, reserved 1114112K
  class space    used 6742K, committed 7296K, reserved 1048576K
}
Event: 74.050 GC heap before
{Heap before GC invocations=51 (full 4):
 PSYoungGen      total 20480K, used 3046K [0x00000000eab00000, 0x00000000ec280000, 0x0000000100000000)
  eden space 17408K, 0% used [0x00000000eab00000,0x00000000eab00000,0x00000000ebc00000)
  from space 3072K, 99% used [0x00000000ebc80000,0x00000000ebf79bb8,0x00000000ebf80000)
  to   space 2560K, 0% used [0x00000000ec000000,0x00000000ec000000,0x00000000ec280000)
 ParOldGen       total 68608K, used 66200K [0x00000000c0000000, 0x00000000c4300000, 0x00000000eab00000)
  object space 68608K, 96% used [0x00000000c0000000,0x00000000c40a62b0,0x00000000c4300000)
 Metaspace       used 63828K, committed 65088K, reserved 1114112K
  class space    used 6742K, committed 7296K, reserved 1048576K
}
Event: 74.110 GC heap after
{Heap after GC invocations=51 (full 4):
 PSYoungGen      total 19968K, used 0K [0x00000000eab00000, 0x00000000ec280000, 0x0000000100000000)
  eden space 17408K, 0% used [0x00000000eab00000,0x00000000eab00000,0x00000000ebc00000)
  from space 2560K, 0% used [0x00000000ec000000,0x00000000ec000000,0x00000000ec280000)
  to   space 3072K, 0% used [0x00000000ebc80000,0x00000000ebc80000,0x00000000ebf80000)
 ParOldGen       total 68608K, used 64235K [0x00000000c0000000, 0x00000000c4300000, 0x00000000eab00000)
  object space 68608K, 93% used [0x00000000c0000000,0x00000000c3ebae30,0x00000000c4300000)
 Metaspace       used 63826K, committed 65088K, reserved 1114112K
  class space    used 6741K, committed 7296K, reserved 1048576K
}
Event: 74.203 GC heap before
{Heap before GC invocations=52 (full 5):
 PSYoungGen      total 19968K, used 17408K [0x00000000eab00000, 0x00000000ec280000, 0x0000000100000000)
  eden space 17408K, 100% used [0x00000000eab00000,0x00000000ebc00000,0x00000000ebc00000)
  from space 2560K, 0% used [0x00000000ec000000,0x00000000ec000000,0x00000000ec280000)
  to   space 3072K, 0% used [0x00000000ebc80000,0x00000000ebc80000,0x00000000ebf80000)
 ParOldGen       total 68608K, used 64235K [0x00000000c0000000, 0x00000000c4300000, 0x00000000eab00000)
  object space 68608K, 93% used [0x00000000c0000000,0x00000000c3ebae30,0x00000000c4300000)
 Metaspace       used 63826K, committed 65088K, reserved 1114112K
  class space    used 6741K, committed 7296K, reserved 1048576K
}
Event: 74.302 GC heap after
{Heap after GC invocations=52 (full 5):
 PSYoungGen      total 20992K, used 0K [0x00000000eab00000, 0x00000000ecf80000, 0x0000000100000000)
  eden space 17920K, 0% used [0x00000000eab00000,0x00000000eab00000,0x00000000ebc80000)
  from space 3072K, 0% used [0x00000000ebc80000,0x00000000ebc80000,0x00000000ebf80000)
  to   space 9728K, 0% used [0x00000000ec600000,0x00000000ec600000,0x00000000ecf80000)
 ParOldGen       total 68608K, used 64317K [0x00000000c0000000, 0x00000000c4300000, 0x00000000eab00000)
  object space 68608K, 93% used [0x00000000c0000000,0x00000000c3ecf768,0x00000000c4300000)
 Metaspace       used 63826K, committed 65088K, reserved 1114112K
  class space    used 6741K, committed 7296K, reserved 1048576K
}
Event: 74.955 GC heap before
{Heap before GC invocations=53 (full 6):
 PSYoungGen      total 20992K, used 17920K [0x00000000eab00000, 0x00000000ecf80000, 0x0000000100000000)
  eden space 17920K, 100% used [0x00000000eab00000,0x00000000ebc80000,0x00000000ebc80000)
  from space 3072K, 0% used [0x00000000ebc80000,0x00000000ebc80000,0x00000000ebf80000)
  to   space 9728K, 0% used [0x00000000ec600000,0x00000000ec600000,0x00000000ecf80000)
 ParOldGen       total 68608K, used 64317K [0x00000000c0000000, 0x00000000c4300000, 0x00000000eab00000)
  object space 68608K, 93% used [0x00000000c0000000,0x00000000c3ecf768,0x00000000c4300000)
 Metaspace       used 63843K, committed 65088K, reserved 1114112K
  class space    used 6743K, committed 7296K, reserved 1048576K
}
Event: 75.000 GC heap after
{Heap after GC invocations=53 (full 6):
 PSYoungGen      total 27648K, used 0K [0x00000000eab00000, 0x00000000ed000000, 0x0000000100000000)
  eden space 17920K, 0% used [0x00000000eab00000,0x00000000eab00000,0x00000000ebc80000)
  from space 9728K, 0% used [0x00000000ec600000,0x00000000ec600000,0x00000000ecf80000)
  to   space 9728K, 0% used [0x00000000ebc80000,0x00000000ebc80000,0x00000000ec600000)
 ParOldGen       total 68608K, used 64482K [0x00000000c0000000, 0x00000000c4300000, 0x00000000eab00000)
  object space 68608K, 93% used [0x00000000c0000000,0x00000000c3ef88d8,0x00000000c4300000)
 Metaspace       used 63843K, committed 65088K, reserved 1114112K
  class space    used 6743K, committed 7296K, reserved 1048576K
}

